Using pre-set license
Built from '2021.3/staging' branch; Version is '2021.3.11f1 (0a5ca18544bf) revision 679073'; Using compiler version '192829333'; Build Type 'Release'
OS: 'Windows 10  (10.0.19044) 64bit Education' Language: 'en' Physical Memory: 16296 MB
BatchMode: 1, IsHumanControllingUs: 0, StartBugReporterOnCrash: 0, Is64bit: 1, IsPro: 1

COMMAND LINE ARGUMENTS:
C:\Program Files\Unity\Hub\Editor\2021.3.11f1\Editor\Unity.exe
-adb2
-batchMode
-noUpm
-name
AssetImportWorker5
-projectPath
D:/SEM 5/Game Dev Capstone Project/Typing-Game/Typing TD Game
-logFile
Logs/AssetImportWorker5.log
-srvPort
56923
Successfully changed project path to: D:/SEM 5/Game Dev Capstone Project/Typing-Game/Typing TD Game
D:/SEM 5/Game Dev Capstone Project/Typing-Game/Typing TD Game
[UnityMemory] Configuration Parameters - Can be set up in boot.config
    "memorysetup-bucket-allocator-granularity=16"
    "memorysetup-bucket-allocator-bucket-count=8"
    "memorysetup-bucket-allocator-block-size=33554432"
    "memorysetup-bucket-allocator-block-count=8"
    "memorysetup-main-allocator-block-size=16777216"
    "memorysetup-thread-allocator-block-size=16777216"
    "memorysetup-gfx-main-allocator-block-size=16777216"
    "memorysetup-gfx-thread-allocator-block-size=16777216"
    "memorysetup-cache-allocator-block-size=4194304"
    "memorysetup-typetree-allocator-block-size=2097152"
    "memorysetup-profiler-bucket-allocator-granularity=16"
    "memorysetup-profiler-bucket-allocator-bucket-count=8"
    "memorysetup-profiler-bucket-allocator-block-size=33554432"
    "memorysetup-profiler-bucket-allocator-block-count=8"
    "memorysetup-profiler-allocator-block-size=16777216"
    "memorysetup-profiler-editor-allocator-block-size=1048576"
    "memorysetup-temp-allocator-size-main=16777216"
    "memorysetup-job-temp-allocator-block-size=2097152"
    "memorysetup-job-temp-allocator-block-size-background=1048576"
    "memorysetup-job-temp-allocator-reduction-small-platforms=262144"
    "memorysetup-temp-allocator-size-background-worker=32768"
    "memorysetup-temp-allocator-size-job-worker=262144"
    "memorysetup-temp-allocator-size-preload-manager=33554432"
    "memorysetup-temp-allocator-size-nav-mesh-worker=65536"
    "memorysetup-temp-allocator-size-audio-worker=65536"
    "memorysetup-temp-allocator-size-cloud-worker=32768"
    "memorysetup-temp-allocator-size-gi-baking-worker=262144"
    "memorysetup-temp-allocator-size-gfx=262144"
Refreshing native plugins compatible for Editor in 124.22 ms, found 4 plugins.
Preloading 0 native plugins for Editor in 0.00 ms.
Initialize engine version: 2021.3.11f1 (0a5ca18544bf)
[Subsystems] Discovering subsystems at path C:/Program Files/Unity/Hub/Editor/2021.3.11f1/Editor/Data/Resources/UnitySubsystems
[Subsystems] Discovering subsystems at path D:/SEM 5/Game Dev Capstone Project/Typing-Game/Typing TD Game/Assets
GfxDevice: creating device client; threaded=0; jobified=0
Direct3D:
    Version:  Direct3D 11.0 [level 11.1]
    Renderer: Intel(R) HD Graphics 630 (ID=0x5912)
    Vendor:   Intel
    VRAM:     8148 MB
    Driver:   27.20.100.8280
Initialize mono
Mono path[0] = 'C:/Program Files/Unity/Hub/Editor/2021.3.11f1/Editor/Data/Managed'
Mono path[1] = 'C:/Program Files/Unity/Hub/Editor/2021.3.11f1/Editor/Data/MonoBleedingEdge/lib/mono/unityjit-win32'
Mono config path = 'C:/Program Files/Unity/Hub/Editor/2021.3.11f1/Editor/Data/MonoBleedingEdge/etc'
Using monoOptions --debugger-agent=transport=dt_socket,embedding=1,server=y,suspend=n,address=127.0.0.1:56520
Begin MonoManager ReloadAssembly
Registering precompiled unity dll's ...
Register platform support module: C:/Program Files/Unity/Hub/Editor/2021.3.11f1/Editor/Data/PlaybackEngines/WindowsStandaloneSupport/UnityEditor.WindowsStandalone.Extensions.dll
Registered in 0.008538 seconds.
Native extension for WindowsStandalone target not found
Refreshing native plugins compatible for Editor in 108.51 ms, found 4 plugins.
Preloading 0 native plugins for Editor in 0.00 ms.
Mono: successfully reloaded assembly
- Completed reload, in  0.712 seconds
Domain Reload Profiling:
	ReloadAssembly (712ms)
		BeginReloadAssembly (90ms)
			ExecutionOrderSort (0ms)
			DisableScriptedObjects (0ms)
			BackupInstance (0ms)
			ReleaseScriptingObjects (0ms)
			CreateAndSetChildDomain (1ms)
		EndReloadAssembly (491ms)
			LoadAssemblies (85ms)
			RebuildTransferFunctionScriptingTraits (0ms)
			SetupTypeCache (113ms)
			ReleaseScriptCaches (0ms)
			RebuildScriptCaches (32ms)
			SetupLoadedEditorAssemblies (291ms)
				LogAssemblyErrors (0ms)
				InitializePlatformSupportModulesInManaged (8ms)
				SetLoadedEditorAssemblies (0ms)
				RefreshPlugins (109ms)
				BeforeProcessingInitializeOnLoad (1ms)
				ProcessInitializeOnLoadAttributes (122ms)
				ProcessInitializeOnLoadMethodAttributes (50ms)
				AfterProcessingInitializeOnLoad (0ms)
				EditorAssembliesLoaded (0ms)
			ExecutionOrderSort2 (0ms)
			AwakeInstancesAfterBackupRestoration (0ms)
Platform modules already initialized, skipping
Registering precompiled user dll's ...
Registered in 0.006535 seconds.
Begin MonoManager ReloadAssembly
Symbol file LoadedFromMemory doesn't match image D:\SEM 5\Game Dev Capstone Project\Typing-Game\Typing TD Game\Library\PackageCache\com.unity.visualscripting@1.7.8\Editor\VisualScripting.Core\Dependencies\YamlDotNet\Unity.VisualScripting.YamlDotNet.dll
Symbol file LoadedFromMemory doesn't match image D:\SEM 5\Game Dev Capstone Project\Typing-Game\Typing TD Game\Library\PackageCache\com.unity.visualscripting@1.7.8\Editor\VisualScripting.Core\Dependencies\DotNetZip\Unity.VisualScripting.IonicZip.dll
Native extension for WindowsStandalone target not found
Refreshing native plugins compatible for Editor in 102.34 ms, found 4 plugins.
Preloading 0 native plugins for Editor in 0.00 ms.
Mono: successfully reloaded assembly
- Completed reload, in  1.286 seconds
Domain Reload Profiling:
	ReloadAssembly (1286ms)
		BeginReloadAssembly (119ms)
			ExecutionOrderSort (0ms)
			DisableScriptedObjects (5ms)
			BackupInstance (0ms)
			ReleaseScriptingObjects (0ms)
			CreateAndSetChildDomain (20ms)
		EndReloadAssembly (1034ms)
			LoadAssemblies (103ms)
			RebuildTransferFunctionScriptingTraits (0ms)
			SetupTypeCache (318ms)
			ReleaseScriptCaches (1ms)
			RebuildScriptCaches (66ms)
			SetupLoadedEditorAssemblies (502ms)
				LogAssemblyErrors (0ms)
				InitializePlatformSupportModulesInManaged (5ms)
				SetLoadedEditorAssemblies (0ms)
				RefreshPlugins (103ms)
				BeforeProcessingInitializeOnLoad (112ms)
				ProcessInitializeOnLoadAttributes (246ms)
				ProcessInitializeOnLoadMethodAttributes (27ms)
				AfterProcessingInitializeOnLoad (10ms)
				EditorAssembliesLoaded (0ms)
			ExecutionOrderSort2 (0ms)
			AwakeInstancesAfterBackupRestoration (12ms)
Platform modules already initialized, skipping
========================================================================
Worker process is ready to serve import requests
Launched and connected shader compiler UnityShaderCompiler.exe after 0.05 seconds
Refreshing native plugins compatible for Editor in 0.69 ms, found 4 plugins.
Preloading 0 native plugins for Editor in 0.00 ms.
Unloading 3543 Unused Serialized files (Serialized files now loaded: 0)
Unloading 33 unused Assets / (0.6 MB). Loaded Objects now: 4005.
Memory consumption went from 130.6 MB to 130.0 MB.
Total: 4.174300 ms (FindLiveObjects: 0.374800 ms CreateObjectMapping: 0.212400 ms MarkObjects: 2.930700 ms  DeleteObjects: 0.655000 ms)

AssetImportParameters requested are different than current active one (requested -> active):
  custom:video-decoder-ogg-theora: a1e56fd34408186e4bbccfd4996cb3dc -> 
  custom:container-muxer-webm: aa71ff27fc2769a1b78a27578f13a17b -> 
  custom:container-demuxer-webm: 4f35f7cbe854078d1ac9338744f61a02 -> 
  custom:video-encoder-webm-vp8: eb34c28f22e8b96e1ab97ce403110664 -> 
  custom:audio-encoder-webm-vorbis: bf7c407c2cedff20999df2af8eb42d56 -> 
  custom:framework-win-MediaFoundation: 216162199b28c13a410421893ffa2e32 -> 
  custom:container-demuxer-ogg: 62fdf1f143b41e24485cea50d1cbac27 -> 
  custom:video-decoder-webm-vp8: 9c59270c3fd7afecdb556c50c9e8de78 -> 
  custom:audio-decoder-ogg-vorbis: bf7c407c2cedff20999df2af8eb42d56 -> 
========================================================================
Received Import Request.
  Time since last request: 34038.274504 seconds.
  path: Assets/Assets/JMO Assets/Cartoon FX (legacy)/Demo/UI Canvas/CFX Demo Btn Camera.png
  artifactKey: Guid(4c72f3c555f96274787f31379fabb6ff) Importer(815301076,1909f56bfc062723c751e8b465ee728b)
Start importing Assets/Assets/JMO Assets/Cartoon FX (legacy)/Demo/UI Canvas/CFX Demo Btn Camera.png using Guid(4c72f3c555f96274787f31379fabb6ff) Importer(815301076,1909f56bfc062723c751e8b465ee728b)  -> (artifact id: 'dfa71baaa099a9934c3f51cdd17c9cfb') in 0.127634 seconds 
========================================================================
Received Import Request.
  Time since last request: 0.000024 seconds.
  path: Assets/Assets/JMO Assets/Cartoon FX (legacy)/Demo/UI Canvas/CFX Demo Btn Ground.png
  artifactKey: Guid(a2bcf923df54ffa4ba7e795955c5dc22) Importer(815301076,1909f56bfc062723c751e8b465ee728b)
Start importing Assets/Assets/JMO Assets/Cartoon FX (legacy)/Demo/UI Canvas/CFX Demo Btn Ground.png using Guid(a2bcf923df54ffa4ba7e795955c5dc22) Importer(815301076,1909f56bfc062723c751e8b465ee728b)  -> (artifact id: '8c4ff7056b74fbf78a75a314ce5aa0e9') in 0.025739 seconds 
========================================================================
Received Import Request.
  Time since last request: 27.771824 seconds.
  path: Assets/Assets/JMO Assets/Cartoon FX (legacy)/Demo/UI Canvas/CFX1 Demo Logo.png
  artifactKey: Guid(f7c98b268308d794b8148d0c2914372d) Importer(815301076,1909f56bfc062723c751e8b465ee728b)
Start importing Assets/Assets/JMO Assets/Cartoon FX (legacy)/Demo/UI Canvas/CFX1 Demo Logo.png using Guid(f7c98b268308d794b8148d0c2914372d) Importer(815301076,1909f56bfc062723c751e8b465ee728b)  -> (artifact id: 'ee2301d5dd1bd9f2dce473467c7cf925') in 0.029419 seconds 
========================================================================
Received Import Request.
  Time since last request: 0.000073 seconds.
  path: Assets/Assets/JMO Assets/Cartoon FX Remaster/Demo Assets/UI/CFXR Demo Btn Lights.png
  artifactKey: Guid(33e104ffb9168144ba9ff901fd2e54ae) Importer(815301076,1909f56bfc062723c751e8b465ee728b)
Start importing Assets/Assets/JMO Assets/Cartoon FX Remaster/Demo Assets/UI/CFXR Demo Btn Lights.png using Guid(33e104ffb9168144ba9ff901fd2e54ae) Importer(815301076,1909f56bfc062723c751e8b465ee728b)  -> (artifact id: '21bfb0f750cda64d74e86e9f0af4d9e2') in 0.076281 seconds 
========================================================================
Received Import Request.
  Time since last request: 0.000037 seconds.
  path: Assets/Assets/JMO Assets/Cartoon FX Remaster/Demo Assets/UI/CFXR Demo Btn Ground H.png
  artifactKey: Guid(338685d7a91449f45a6a95b3756c4750) Importer(815301076,1909f56bfc062723c751e8b465ee728b)
Start importing Assets/Assets/JMO Assets/Cartoon FX Remaster/Demo Assets/UI/CFXR Demo Btn Ground H.png using Guid(338685d7a91449f45a6a95b3756c4750) Importer(815301076,1909f56bfc062723c751e8b465ee728b)  -> (artifact id: 'c9ac330308fc5e5d27337099f871dd70') in 0.039011 seconds 
========================================================================
Received Import Request.
  Time since last request: 0.000025 seconds.
  path: Assets/Assets/JMO Assets/Cartoon FX Remaster/Demo Assets/UI/CFXR Demo Btn Lights H.png
  artifactKey: Guid(cc22d7577cb43a843a562490334918cc) Importer(815301076,1909f56bfc062723c751e8b465ee728b)
Start importing Assets/Assets/JMO Assets/Cartoon FX Remaster/Demo Assets/UI/CFXR Demo Btn Lights H.png using Guid(cc22d7577cb43a843a562490334918cc) Importer(815301076,1909f56bfc062723c751e8b465ee728b)  -> (artifact id: '1495fb00bf58361850a006c53e5d8720') in 0.127536 seconds 
========================================================================
Received Import Request.
  Time since last request: 0.000037 seconds.
  path: Assets/Assets/JMO Assets/Cartoon FX (legacy)/Demo/UI Canvas/CFXFree Demo Logo.png
  artifactKey: Guid(c474936d3f7aa204d8939cbe05170aa5) Importer(815301076,1909f56bfc062723c751e8b465ee728b)
Start importing Assets/Assets/JMO Assets/Cartoon FX (legacy)/Demo/UI Canvas/CFXFree Demo Logo.png using Guid(c474936d3f7aa204d8939cbe05170aa5) Importer(815301076,1909f56bfc062723c751e8b465ee728b)  -> (artifact id: '31b0ae762a1bd65b1959cf39842413b1') in 0.022566 seconds 
Editor requested this worker to shutdown with reason: Scaling down because of idle timeout
AssetImportWorker is now disconnected from the server
Process exiting
Exiting without the bug reporter. Application will terminate with return code 0