Using pre-set license
Built from '2021.3/staging' branch; Version is '2021.3.11f1 (0a5ca18544bf) revision 679073'; Using compiler version '192829333'; Build Type 'Release'
OS: 'Windows 10  (10.0.19044) 64bit Education' Language: 'en' Physical Memory: 16296 MB
BatchMode: 1, IsHumanControllingUs: 0, StartBugReporterOnCrash: 0, Is64bit: 1, IsPro: 1

COMMAND LINE ARGUMENTS:
C:\Program Files\Unity\Hub\Editor\2021.3.11f1\Editor\Unity.exe
-adb2
-batchMode
-noUpm
-name
AssetImportWorker7
-projectPath
D:/SEM 5/Game Dev Capstone Project/Typing-Game/Typing TD Game
-logFile
Logs/AssetImportWorker7.log
-srvPort
53889
Successfully changed project path to: D:/SEM 5/Game Dev Capstone Project/Typing-Game/Typing TD Game
D:/SEM 5/Game Dev Capstone Project/Typing-Game/Typing TD Game
[UnityMemory] Configuration Parameters - Can be set up in boot.config
    "memorysetup-bucket-allocator-granularity=16"
    "memorysetup-bucket-allocator-bucket-count=8"
    "memorysetup-bucket-allocator-block-size=33554432"
    "memorysetup-bucket-allocator-block-count=8"
    "memorysetup-main-allocator-block-size=16777216"
    "memorysetup-thread-allocator-block-size=16777216"
    "memorysetup-gfx-main-allocator-block-size=16777216"
    "memorysetup-gfx-thread-allocator-block-size=16777216"
    "memorysetup-cache-allocator-block-size=4194304"
    "memorysetup-typetree-allocator-block-size=2097152"
    "memorysetup-profiler-bucket-allocator-granularity=16"
    "memorysetup-profiler-bucket-allocator-bucket-count=8"
    "memorysetup-profiler-bucket-allocator-block-size=33554432"
    "memorysetup-profiler-bucket-allocator-block-count=8"
    "memorysetup-profiler-allocator-block-size=16777216"
    "memorysetup-profiler-editor-allocator-block-size=1048576"
    "memorysetup-temp-allocator-size-main=16777216"
    "memorysetup-job-temp-allocator-block-size=2097152"
    "memorysetup-job-temp-allocator-block-size-background=1048576"
    "memorysetup-job-temp-allocator-reduction-small-platforms=262144"
    "memorysetup-temp-allocator-size-background-worker=32768"
    "memorysetup-temp-allocator-size-job-worker=262144"
    "memorysetup-temp-allocator-size-preload-manager=33554432"
    "memorysetup-temp-allocator-size-nav-mesh-worker=65536"
    "memorysetup-temp-allocator-size-audio-worker=65536"
    "memorysetup-temp-allocator-size-cloud-worker=32768"
    "memorysetup-temp-allocator-size-gi-baking-worker=262144"
    "memorysetup-temp-allocator-size-gfx=262144"
Refreshing native plugins compatible for Editor in 95.33 ms, found 4 plugins.
Preloading 0 native plugins for Editor in 0.00 ms.
Initialize engine version: 2021.3.11f1 (0a5ca18544bf)
[Subsystems] Discovering subsystems at path C:/Program Files/Unity/Hub/Editor/2021.3.11f1/Editor/Data/Resources/UnitySubsystems
[Subsystems] Discovering subsystems at path D:/SEM 5/Game Dev Capstone Project/Typing-Game/Typing TD Game/Assets
GfxDevice: creating device client; threaded=0; jobified=0
Direct3D:
    Version:  Direct3D 11.0 [level 11.1]
    Renderer: Intel(R) HD Graphics 630 (ID=0x5912)
    Vendor:   Intel
    VRAM:     8148 MB
    Driver:   27.20.100.8280
Initialize mono
Mono path[0] = 'C:/Program Files/Unity/Hub/Editor/2021.3.11f1/Editor/Data/Managed'
Mono path[1] = 'C:/Program Files/Unity/Hub/Editor/2021.3.11f1/Editor/Data/MonoBleedingEdge/lib/mono/unityjit-win32'
Mono config path = 'C:/Program Files/Unity/Hub/Editor/2021.3.11f1/Editor/Data/MonoBleedingEdge/etc'
Using monoOptions --debugger-agent=transport=dt_socket,embedding=1,server=y,suspend=n,address=127.0.0.1:56624
Begin MonoManager ReloadAssembly
Registering precompiled unity dll's ...
Register platform support module: C:/Program Files/Unity/Hub/Editor/2021.3.11f1/Editor/Data/PlaybackEngines/WindowsStandaloneSupport/UnityEditor.WindowsStandalone.Extensions.dll
Registered in 0.008991 seconds.
Native extension for WindowsStandalone target not found
Refreshing native plugins compatible for Editor in 98.45 ms, found 4 plugins.
Preloading 0 native plugins for Editor in 0.00 ms.
Mono: successfully reloaded assembly
- Completed reload, in  0.714 seconds
Domain Reload Profiling:
	ReloadAssembly (715ms)
		BeginReloadAssembly (96ms)
			ExecutionOrderSort (0ms)
			DisableScriptedObjects (0ms)
			BackupInstance (0ms)
			ReleaseScriptingObjects (0ms)
			CreateAndSetChildDomain (1ms)
		EndReloadAssembly (491ms)
			LoadAssemblies (93ms)
			RebuildTransferFunctionScriptingTraits (0ms)
			SetupTypeCache (119ms)
			ReleaseScriptCaches (0ms)
			RebuildScriptCaches (30ms)
			SetupLoadedEditorAssemblies (288ms)
				LogAssemblyErrors (0ms)
				InitializePlatformSupportModulesInManaged (8ms)
				SetLoadedEditorAssemblies (0ms)
				RefreshPlugins (99ms)
				BeforeProcessingInitializeOnLoad (1ms)
				ProcessInitializeOnLoadAttributes (128ms)
				ProcessInitializeOnLoadMethodAttributes (52ms)
				AfterProcessingInitializeOnLoad (0ms)
				EditorAssembliesLoaded (0ms)
			ExecutionOrderSort2 (0ms)
			AwakeInstancesAfterBackupRestoration (0ms)
Platform modules already initialized, skipping
Registering precompiled user dll's ...
Registered in 0.006062 seconds.
Begin MonoManager ReloadAssembly
Symbol file LoadedFromMemory doesn't match image D:\SEM 5\Game Dev Capstone Project\Typing-Game\Typing TD Game\Library\PackageCache\com.unity.visualscripting@1.7.8\Editor\VisualScripting.Core\Dependencies\YamlDotNet\Unity.VisualScripting.YamlDotNet.dll
Symbol file LoadedFromMemory doesn't match image D:\SEM 5\Game Dev Capstone Project\Typing-Game\Typing TD Game\Library\PackageCache\com.unity.visualscripting@1.7.8\Editor\VisualScripting.Core\Dependencies\DotNetZip\Unity.VisualScripting.IonicZip.dll
Native extension for WindowsStandalone target not found
Refreshing native plugins compatible for Editor in 96.12 ms, found 4 plugins.
Preloading 0 native plugins for Editor in 0.00 ms.
Mono: successfully reloaded assembly
- Completed reload, in  1.234 seconds
Domain Reload Profiling:
	ReloadAssembly (1234ms)
		BeginReloadAssembly (119ms)
			ExecutionOrderSort (0ms)
			DisableScriptedObjects (6ms)
			BackupInstance (0ms)
			ReleaseScriptingObjects (0ms)
			CreateAndSetChildDomain (19ms)
		EndReloadAssembly (993ms)
			LoadAssemblies (99ms)
			RebuildTransferFunctionScriptingTraits (0ms)
			SetupTypeCache (302ms)
			ReleaseScriptCaches (1ms)
			RebuildScriptCaches (56ms)
			SetupLoadedEditorAssemblies (492ms)
				LogAssemblyErrors (0ms)
				InitializePlatformSupportModulesInManaged (5ms)
				SetLoadedEditorAssemblies (0ms)
				RefreshPlugins (96ms)
				BeforeProcessingInitializeOnLoad (103ms)
				ProcessInitializeOnLoadAttributes (247ms)
				ProcessInitializeOnLoadMethodAttributes (30ms)
				AfterProcessingInitializeOnLoad (9ms)
				EditorAssembliesLoaded (0ms)
			ExecutionOrderSort2 (0ms)
			AwakeInstancesAfterBackupRestoration (10ms)
Platform modules already initialized, skipping
========================================================================
Worker process is ready to serve import requests
Launched and connected shader compiler UnityShaderCompiler.exe after 0.05 seconds
Refreshing native plugins compatible for Editor in 0.63 ms, found 4 plugins.
Preloading 0 native plugins for Editor in 0.00 ms.
Unloading 3543 Unused Serialized files (Serialized files now loaded: 0)
Unloading 33 unused Assets / (0.6 MB). Loaded Objects now: 4003.
Memory consumption went from 130.3 MB to 129.7 MB.
Total: 3.762500 ms (FindLiveObjects: 0.516200 ms CreateObjectMapping: 0.340000 ms MarkObjects: 2.576400 ms  DeleteObjects: 0.329300 ms)

AssetImportParameters requested are different than current active one (requested -> active):
  custom:video-decoder-ogg-theora: a1e56fd34408186e4bbccfd4996cb3dc -> 
  custom:container-muxer-webm: aa71ff27fc2769a1b78a27578f13a17b -> 
  custom:container-demuxer-webm: 4f35f7cbe854078d1ac9338744f61a02 -> 
  custom:video-encoder-webm-vp8: eb34c28f22e8b96e1ab97ce403110664 -> 
  custom:audio-encoder-webm-vorbis: bf7c407c2cedff20999df2af8eb42d56 -> 
  custom:framework-win-MediaFoundation: 216162199b28c13a410421893ffa2e32 -> 
  custom:container-demuxer-ogg: 62fdf1f143b41e24485cea50d1cbac27 -> 
  custom:video-decoder-webm-vp8: 9c59270c3fd7afecdb556c50c9e8de78 -> 
  custom:audio-decoder-ogg-vorbis: bf7c407c2cedff20999df2af8eb42d56 -> 
========================================================================
Received Import Request.
  Time since last request: 45962.569521 seconds.
  path: Assets/TextMesh_Pro/TextMesh Pro/Examples & Extras/Resources/Fonts & Materials/Anton SDF - Outline.mat
  artifactKey: Guid(a00013af81304728b2be1f4309ee2433) Importer(815301076,1909f56bfc062723c751e8b465ee728b)
Start importing Assets/TextMesh_Pro/TextMesh Pro/Examples & Extras/Resources/Fonts & Materials/Anton SDF - Outline.mat using Guid(a00013af81304728b2be1f4309ee2433) Importer(815301076,1909f56bfc062723c751e8b465ee728b)  -> (artifact id: 'c742efe2e4ddcf7e28f81452dfd66208') in 0.194783 seconds 
========================================================================
Received Import Request.
  Time since last request: 0.000027 seconds.
  path: Assets/TextMesh_Pro/TextMesh Pro/Examples & Extras/Resources/Fonts & Materials/Bangers SDF - Drop Shadow.mat
  artifactKey: Guid(f2dcf029949142e28b974630369c8b4e) Importer(815301076,1909f56bfc062723c751e8b465ee728b)
Start importing Assets/TextMesh_Pro/TextMesh Pro/Examples & Extras/Resources/Fonts & Materials/Bangers SDF - Drop Shadow.mat using Guid(f2dcf029949142e28b974630369c8b4e) Importer(815301076,1909f56bfc062723c751e8b465ee728b)  -> (artifact id: 'b427cc23a99ad59d725f1668f8d26a3e') in 0.030884 seconds 
========================================================================
Received Import Request.
  Time since last request: 0.000038 seconds.
  path: Assets/TextMesh_Pro/TextMesh Pro/Examples & Extras/Resources/Fonts & Materials/Bangers SDF Logo.mat
  artifactKey: Guid(f4e195ac1e204eff960149d1cb34e18c) Importer(815301076,1909f56bfc062723c751e8b465ee728b)
Start importing Assets/TextMesh_Pro/TextMesh Pro/Examples & Extras/Resources/Fonts & Materials/Bangers SDF Logo.mat using Guid(f4e195ac1e204eff960149d1cb34e18c) Importer(815301076,1909f56bfc062723c751e8b465ee728b)  -> (artifact id: '273295d454cd8f3a5ab740edbdc6564b') in 0.137612 seconds 
========================================================================
Received Import Request.
  Time since last request: 1.556500 seconds.
  path: Assets/Assets/JMO Assets/Cartoon FX (legacy)/Materials/Blood/CFX2_Blood AB.mat
  artifactKey: Guid(cfeb0e44c6f4bc34086102e1a7ace033) Importer(815301076,1909f56bfc062723c751e8b465ee728b)
Start importing Assets/Assets/JMO Assets/Cartoon FX (legacy)/Materials/Blood/CFX2_Blood AB.mat using Guid(cfeb0e44c6f4bc34086102e1a7ace033) Importer(815301076,1909f56bfc062723c751e8b465ee728b)  -> (artifact id: '18a4ae5d17d3aa974c25cd9c99716683') in 0.010849 seconds 
========================================================================
Received Import Request.
  Time since last request: 0.029445 seconds.
  path: Assets/Assets/JMO Assets/Cartoon FX (legacy)/Materials/Symbols/CFX2_BrokenHeart Add.mat
  artifactKey: Guid(53d0980ae6a0d2f4290706eb595fa872) Importer(815301076,1909f56bfc062723c751e8b465ee728b)
Start importing Assets/Assets/JMO Assets/Cartoon FX (legacy)/Materials/Symbols/CFX2_BrokenHeart Add.mat using Guid(53d0980ae6a0d2f4290706eb595fa872) Importer(815301076,1909f56bfc062723c751e8b465ee728b)  -> (artifact id: 'cdd06aec80bd86227ef9a99db865b5ab') in 0.017455 seconds 
========================================================================
Received Import Request.
  Time since last request: 0.000024 seconds.
  path: Assets/Assets/JMO Assets/Cartoon FX (legacy)/Materials/Misc/CFX2_Debris_SmallRocks AB 4Frames.mat
  artifactKey: Guid(d5510d53a0740714d8094e9574e424fe) Importer(815301076,1909f56bfc062723c751e8b465ee728b)
Start importing Assets/Assets/JMO Assets/Cartoon FX (legacy)/Materials/Misc/CFX2_Debris_SmallRocks AB 4Frames.mat using Guid(d5510d53a0740714d8094e9574e424fe) Importer(815301076,1909f56bfc062723c751e8b465ee728b)  -> (artifact id: '33efb83bb9a9f966fcb21c71a7716031') in 0.012689 seconds 
========================================================================
Received Import Request.
  Time since last request: 0.030752 seconds.
  path: Assets/Assets/JMO Assets/Cartoon FX (legacy)/Materials/Symbols/CFX2_Diamond Outline Add.mat
  artifactKey: Guid(116dd40afacd54e45a3e276d2c361ef6) Importer(815301076,1909f56bfc062723c751e8b465ee728b)
Start importing Assets/Assets/JMO Assets/Cartoon FX (legacy)/Materials/Symbols/CFX2_Diamond Outline Add.mat using Guid(116dd40afacd54e45a3e276d2c361ef6) Importer(815301076,1909f56bfc062723c751e8b465ee728b)  -> (artifact id: '43c3e63521b625a6288225fa90fce160') in 0.011884 seconds 
========================================================================
Received Import Request.
  Time since last request: 1.117007 seconds.
  path: Assets/Assets/JMO Assets/Cartoon FX (legacy)/Materials/Misc/CFX2_Glow.mat
  artifactKey: Guid(b479681f08574fd4188237f92866cbac) Importer(815301076,1909f56bfc062723c751e8b465ee728b)
Start importing Assets/Assets/JMO Assets/Cartoon FX (legacy)/Materials/Misc/CFX2_Glow.mat using Guid(b479681f08574fd4188237f92866cbac) Importer(815301076,1909f56bfc062723c751e8b465ee728b)  -> (artifact id: '30ad75abcacd2e6682aa7e29bb275dfe') in 0.012012 seconds 
========================================================================
Received Import Request.
  Time since last request: 0.032733 seconds.
  path: Assets/Assets/JMO Assets/Cartoon FX (legacy)/Materials/Symbols/CFX2_Heart Add.mat
  artifactKey: Guid(c6c72eb3fd1471c489daf719f70f62aa) Importer(815301076,1909f56bfc062723c751e8b465ee728b)
Start importing Assets/Assets/JMO Assets/Cartoon FX (legacy)/Materials/Symbols/CFX2_Heart Add.mat using Guid(c6c72eb3fd1471c489daf719f70f62aa) Importer(815301076,1909f56bfc062723c751e8b465ee728b)  -> (artifact id: '9b0fba315e94499463b6d31bf0ffbece') in 0.013151 seconds 
========================================================================
Received Import Request.
  Time since last request: 0.232251 seconds.
  path: Assets/Assets/JMO Assets/Cartoon FX (legacy)/Materials/Symbols/CFX2_HeartBrokenSlice.mat
  artifactKey: Guid(6573156ff7aedbe49b6d60c015d0a67a) Importer(815301076,1909f56bfc062723c751e8b465ee728b)
Start importing Assets/Assets/JMO Assets/Cartoon FX (legacy)/Materials/Symbols/CFX2_HeartBrokenSlice.mat using Guid(6573156ff7aedbe49b6d60c015d0a67a) Importer(815301076,1909f56bfc062723c751e8b465ee728b)  -> (artifact id: 'ba2e4fa4768514023e1d41f8fcb06170') in 0.011522 seconds 
========================================================================
Received Import Request.
  Time since last request: 0.047705 seconds.
  path: Assets/Assets/JMO Assets/Cartoon FX (legacy)/Materials/Symbols/CFX2_SkullStretched Add.mat
  artifactKey: Guid(219882489a1df4042823f03b5b903103) Importer(815301076,1909f56bfc062723c751e8b465ee728b)
Start importing Assets/Assets/JMO Assets/Cartoon FX (legacy)/Materials/Symbols/CFX2_SkullStretched Add.mat using Guid(219882489a1df4042823f03b5b903103) Importer(815301076,1909f56bfc062723c751e8b465ee728b)  -> (artifact id: 'f0bd202a60ac6926a0a61cd955f852cc') in 0.011692 seconds 
========================================================================
Received Import Request.
  Time since last request: 0.296297 seconds.
  path: Assets/Assets/JMO Assets/Cartoon FX (legacy)/Materials/Symbols/CFX2_Star Outline Add.mat
  artifactKey: Guid(b125e76401a407444b8a9c9491a660eb) Importer(815301076,1909f56bfc062723c751e8b465ee728b)
Start importing Assets/Assets/JMO Assets/Cartoon FX (legacy)/Materials/Symbols/CFX2_Star Outline Add.mat using Guid(b125e76401a407444b8a9c9491a660eb) Importer(815301076,1909f56bfc062723c751e8b465ee728b)  -> (artifact id: 'f8a878e204acaa4bdd9f895d421b11dd') in 0.014069 seconds 
========================================================================
Received Import Request.
  Time since last request: 0.000019 seconds.
  path: Assets/Assets/JMO Assets/Cartoon FX (legacy)/Materials/Misc/CFX2_WWSmoke AB.mat
  artifactKey: Guid(b4763647fd335254fb87da94740402ca) Importer(815301076,1909f56bfc062723c751e8b465ee728b)
Start importing Assets/Assets/JMO Assets/Cartoon FX (legacy)/Materials/Misc/CFX2_WWSmoke AB.mat using Guid(b4763647fd335254fb87da94740402ca) Importer(815301076,1909f56bfc062723c751e8b465ee728b)  -> (artifact id: '8592827f7b04a0a40e4c9f8b3670af2c') in 0.019988 seconds 
Editor requested this worker to shutdown with reason: Scaling down because of idle timeout
AssetImportWorker is now disconnected from the server
Process exiting
Exiting without the bug reporter. Application will terminate with return code 0